<?xml version="1.0" encoding="UTF-8"?>
<!-- Generated by org.testng.reporters.JUnitReportReporter -->
<testsuite hostname="Ravindras-MBP" failures="0" tests="1" name="mytestclasses.MySecondSeleniumTest" time="7.680" errors="0" timestamp="2023-11-15T15:03:49 EST" skipped="0">
  <testcase classname="mytestclasses.MySecondSeleniumTest" name="myFristTest" time="7.680"/>
  <system-out/>
</testsuite> <!-- mytestclasses.MySecondSeleniumTest -->
