<?xml version="1.0" encoding="UTF-8"?>
<!-- Generated by org.testng.reporters.JUnitReportReporter -->
<testsuite hostname="Ravindras-MBP" failures="0" tests="1" name="dropdown.SelectDropdown" time="3.428" errors="0" timestamp="2023-11-15T14:17:05 EST" skipped="0">
  <testcase classname="dropdown.SelectDropdown" name="selectDDvalues" time="3.428"/>
  <system-out/>
</testsuite> <!-- dropdown.SelectDropdown -->
