<?xml version="1.0" encoding="UTF-8"?>
<!-- Generated by org.testng.reporters.JUnitReportReporter -->
<testsuite hostname="Ravindras-MBP" failures="0" tests="4" name="locators.HandelAlerts" time="11.627" errors="0" timestamp="2023-11-24T11:39:29 EST" skipped="0">
  <testcase classname="locators.HandelAlerts" name="JSAlertdismiss" time="2.861"/>
  <system-out/>
  <testcase classname="locators.HandelAlerts" name="JSAlertConfirm" time="2.868"/>
  <system-out/>
  <testcase classname="locators.HandelAlerts" name="JSPromttesting" time="2.698"/>
  <system-out/>
  <testcase classname="locators.HandelAlerts" name="JSAlertMessage" time="3.200"/>
  <system-out/>
</testsuite> <!-- locators.HandelAlerts -->
