<?xml version="1.0" encoding="UTF-8"?>
<!-- Generated by org.testng.reporters.JUnitReportReporter -->
<testsuite hostname="Ravindras-MBP" failures="0" tests="1" name="locators.LocatorsExamples" time="4.725" errors="0" timestamp="2023-11-23T12:03:24 EST" skipped="0">
  <testcase classname="locators.LocatorsExamples" name="locatelement" time="4.725"/>
  <system-out/>
</testsuite> <!-- locators.LocatorsExamples -->
